-------------------------------------------------------------------------------
Test set: TestSuite
-------------------------------------------------------------------------------
Tests run: 7, Failures: 6, Errors: 0, Skipped: 0, Time elapsed: 114.7 s <<< FAILURE! -- in TestSuite
org.example.runner.CucumberRunnerTests1.runScenario["Searching Hand Tools by Category", "Categories dropwdown scenarios"](1) -- Time elapsed: 21.49 s <<< FAILURE!
java.lang.AssertionError: expected [true] but found [false]
	at org.testng.Assert.fail(Assert.java:111)
	at org.testng.Assert.failNotEquals(Assert.java:1578)
	at org.testng.Assert.assertTrue(Assert.java:57)
	at org.testng.Assert.assertTrue(Assert.java:67)
	at org.example.step_definitions.CategoriesDropdown_Steps.only_should_appear_on_page_and_nothing_else(CategoriesDropdown_Steps.java:55)
	at ✽.only 7 'Hammers' should appear on page and nothing else(file:///C:/Users/Panonit/Desktop/cucumber-demo-webapp/src/test/resources/features/Categories.feature:8)

org.example.runner.CucumberRunnerTests1.runScenario["Searching Hand Tools by Category", "Categories dropwdown scenarios"](2) -- Time elapsed: 14.60 s <<< FAILURE!
java.lang.AssertionError: expected [true] but found [false]
	at org.testng.Assert.fail(Assert.java:111)
	at org.testng.Assert.failNotEquals(Assert.java:1578)
	at org.testng.Assert.assertTrue(Assert.java:57)
	at org.testng.Assert.assertTrue(Assert.java:67)
	at org.example.step_definitions.CategoriesDropdown_Steps.only_should_appear_on_page_and_nothing_else(CategoriesDropdown_Steps.java:55)
	at ✽.only 1 'Hand Saws' should appear on page and nothing else(file:///C:/Users/Panonit/Desktop/cucumber-demo-webapp/src/test/resources/features/Categories.feature:8)

org.example.runner.CucumberRunnerTests1.runScenario["Searching Hand Tools by Category", "Categories dropwdown scenarios"](3) -- Time elapsed: 14.45 s <<< FAILURE!
java.lang.AssertionError: expected [true] but found [false]
	at org.testng.Assert.fail(Assert.java:111)
	at org.testng.Assert.failNotEquals(Assert.java:1578)
	at org.testng.Assert.assertTrue(Assert.java:57)
	at org.testng.Assert.assertTrue(Assert.java:67)
	at org.example.step_definitions.CategoriesDropdown_Steps.only_should_appear_on_page_and_nothing_else(CategoriesDropdown_Steps.java:55)
	at ✽.only 3 'Wrenches' should appear on page and nothing else(file:///C:/Users/Panonit/Desktop/cucumber-demo-webapp/src/test/resources/features/Categories.feature:8)

org.example.runner.CucumberRunnerTests1.runScenario["Searching Hand Tools by Category", "Categories dropwdown scenarios"](4) -- Time elapsed: 15.18 s <<< FAILURE!
java.lang.AssertionError: expected [true] but found [false]
	at org.testng.Assert.fail(Assert.java:111)
	at org.testng.Assert.failNotEquals(Assert.java:1578)
	at org.testng.Assert.assertTrue(Assert.java:57)
	at org.testng.Assert.assertTrue(Assert.java:67)
	at org.example.step_definitions.CategoriesDropdown_Steps.only_should_appear_on_page_and_nothing_else(CategoriesDropdown_Steps.java:55)
	at ✽.only 2 'Screwdrivers' should appear on page and nothing else(file:///C:/Users/Panonit/Desktop/cucumber-demo-webapp/src/test/resources/features/Categories.feature:8)

org.example.runner.CucumberRunnerTests1.runScenario["Searching Hand Tools by Category", "Categories dropwdown scenarios"](5) -- Time elapsed: 14.64 s <<< FAILURE!
java.lang.AssertionError: expected [true] but found [false]
	at org.testng.Assert.fail(Assert.java:111)
	at org.testng.Assert.failNotEquals(Assert.java:1578)
	at org.testng.Assert.assertTrue(Assert.java:57)
	at org.testng.Assert.assertTrue(Assert.java:67)
	at org.example.step_definitions.CategoriesDropdown_Steps.only_should_appear_on_page_and_nothing_else(CategoriesDropdown_Steps.java:55)
	at ✽.only 5 'Pilers' should appear on page and nothing else(file:///C:/Users/Panonit/Desktop/cucumber-demo-webapp/src/test/resources/features/Categories.feature:8)

org.example.runner.CucumberRunnerTests1.runScenario["Searching Hand Tools by Category", "Categories dropwdown scenarios"](7) -- Time elapsed: 14.49 s <<< FAILURE!
java.lang.AssertionError: expected [true] but found [false]
	at org.testng.Assert.fail(Assert.java:111)
	at org.testng.Assert.failNotEquals(Assert.java:1578)
	at org.testng.Assert.assertTrue(Assert.java:57)
	at org.testng.Assert.assertTrue(Assert.java:67)
	at org.example.step_definitions.CategoriesDropdown_Steps.only_should_appear_on_page_and_nothing_else(CategoriesDropdown_Steps.java:55)
	at ✽.only 4 'Measures' should appear on page and nothing else(file:///C:/Users/Panonit/Desktop/cucumber-demo-webapp/src/test/resources/features/Categories.feature:8)

