<?xml version="1.0" encoding="UTF-8"?>
<testsuite xmlns:xsi="http://www.w3.org/2001/XMLSchema-instance" xsi:noNamespaceSchemaLocation="https://maven.apache.org/surefire/maven-surefire-plugin/xsd/surefire-test-report-3.0.xsd" version="3.0" name="TestSuite" time="114.657" tests="7" errors="0" skipped="0" failures="6">
  <properties>
    <property name="java.specification.version" value="17"/>
    <property name="webdriver.chrome.driver" value="C:\Users\Panonit\.cache\selenium\chromedriver\win64\121.0.6167.85\chromedriver.exe"/>
    <property name="sun.cpu.isalist" value="amd64"/>
    <property name="sun.jnu.encoding" value="Cp1252"/>
    <property name="java.class.path" value="C:\Users\Panonit\Desktop\cucumber-demo-webapp\target\test-classes;C:\Users\Panonit\Desktop\cucumber-demo-webapp\target\classes;C:\Users\Panonit\.m2\repository\org\seleniumhq\selenium\selenium-java\4.17.0\selenium-java-4.17.0.jar;C:\Users\Panonit\.m2\repository\org\seleniumhq\selenium\selenium-api\4.17.0\selenium-api-4.17.0.jar;C:\Users\Panonit\.m2\repository\org\seleniumhq\selenium\selenium-chrome-driver\4.17.0\selenium-chrome-driver-4.17.0.jar;C:\Users\Panonit\.m2\repository\com\google\auto\service\auto-service-annotations\1.1.1\auto-service-annotations-1.1.1.jar;C:\Users\Panonit\.m2\repository\org\seleniumhq\selenium\selenium-chromium-driver\4.17.0\selenium-chromium-driver-4.17.0.jar;C:\Users\Panonit\.m2\repository\org\seleniumhq\selenium\selenium-json\4.17.0\selenium-json-4.17.0.jar;C:\Users\Panonit\.m2\repository\org\seleniumhq\selenium\selenium-manager\4.17.0\selenium-manager-4.17.0.jar;C:\Users\Panonit\.m2\repository\org\seleniumhq\selenium\selenium-devtools-v119\4.17.0\selenium-devtools-v119-4.17.0.jar;C:\Users\Panonit\.m2\repository\org\seleniumhq\selenium\selenium-devtools-v120\4.17.0\selenium-devtools-v120-4.17.0.jar;C:\Users\Panonit\.m2\repository\org\seleniumhq\selenium\selenium-devtools-v121\4.17.0\selenium-devtools-v121-4.17.0.jar;C:\Users\Panonit\.m2\repository\org\seleniumhq\selenium\selenium-devtools-v85\4.17.0\selenium-devtools-v85-4.17.0.jar;C:\Users\Panonit\.m2\repository\org\seleniumhq\selenium\selenium-edge-driver\4.17.0\selenium-edge-driver-4.17.0.jar;C:\Users\Panonit\.m2\repository\org\seleniumhq\selenium\selenium-firefox-driver\4.17.0\selenium-firefox-driver-4.17.0.jar;C:\Users\Panonit\.m2\repository\org\seleniumhq\selenium\selenium-http\4.17.0\selenium-http-4.17.0.jar;C:\Users\Panonit\.m2\repository\dev\failsafe\failsafe\3.3.2\failsafe-3.3.2.jar;C:\Users\Panonit\.m2\repository\org\seleniumhq\selenium\selenium-ie-driver\4.17.0\selenium-ie-driver-4.17.0.jar;C:\Users\Panonit\.m2\repository\org\seleniumhq\selenium\selenium-remote-driver\4.17.0\selenium-remote-driver-4.17.0.jar;C:\Users\Panonit\.m2\repository\com\google\guava\guava\33.0.0-jre\guava-33.0.0-jre.jar;C:\Users\Panonit\.m2\repository\com\google\guava\failureaccess\1.0.2\failureaccess-1.0.2.jar;C:\Users\Panonit\.m2\repository\com\google\guava\listenablefuture\9999.0-empty-to-avoid-conflict-with-guava\listenablefuture-9999.0-empty-to-avoid-conflict-with-guava.jar;C:\Users\Panonit\.m2\repository\com\google\code\findbugs\jsr305\3.0.2\jsr305-3.0.2.jar;C:\Users\Panonit\.m2\repository\org\checkerframework\checker-qual\3.41.0\checker-qual-3.41.0.jar;C:\Users\Panonit\.m2\repository\com\google\errorprone\error_prone_annotations\2.23.0\error_prone_annotations-2.23.0.jar;C:\Users\Panonit\.m2\repository\com\google\j2objc\j2objc-annotations\2.8\j2objc-annotations-2.8.jar;C:\Users\Panonit\.m2\repository\io\opentelemetry\semconv\opentelemetry-semconv\1.23.1-alpha\opentelemetry-semconv-1.23.1-alpha.jar;C:\Users\Panonit\.m2\repository\io\opentelemetry\opentelemetry-api\1.34.1\opentelemetry-api-1.34.1.jar;C:\Users\Panonit\.m2\repository\io\opentelemetry\opentelemetry-context\1.34.1\opentelemetry-context-1.34.1.jar;C:\Users\Panonit\.m2\repository\io\opentelemetry\opentelemetry-exporter-logging\1.34.1\opentelemetry-exporter-logging-1.34.1.jar;C:\Users\Panonit\.m2\repository\io\opentelemetry\opentelemetry-sdk-common\1.34.1\opentelemetry-sdk-common-1.34.1.jar;C:\Users\Panonit\.m2\repository\io\opentelemetry\opentelemetry-sdk-extension-autoconfigure-spi\1.34.1\opentelemetry-sdk-extension-autoconfigure-spi-1.34.1.jar;C:\Users\Panonit\.m2\repository\io\opentelemetry\opentelemetry-sdk-extension-autoconfigure\1.34.1\opentelemetry-sdk-extension-autoconfigure-1.34.1.jar;C:\Users\Panonit\.m2\repository\io\opentelemetry\opentelemetry-api-events\1.34.1-alpha\opentelemetry-api-events-1.34.1-alpha.jar;C:\Users\Panonit\.m2\repository\io\opentelemetry\opentelemetry-sdk-trace\1.34.1\opentelemetry-sdk-trace-1.34.1.jar;C:\Users\Panonit\.m2\repository\io\opentelemetry\opentelemetry-sdk\1.34.1\opentelemetry-sdk-1.34.1.jar;C:\Users\Panonit\.m2\repository\io\opentelemetry\opentelemetry-sdk-metrics\1.34.1\opentelemetry-sdk-metrics-1.34.1.jar;C:\Users\Panonit\.m2\repository\io\opentelemetry\opentelemetry-extension-incubator\1.34.1-alpha\opentelemetry-extension-incubator-1.34.1-alpha.jar;C:\Users\Panonit\.m2\repository\io\opentelemetry\opentelemetry-sdk-logs\1.34.1\opentelemetry-sdk-logs-1.34.1.jar;C:\Users\Panonit\.m2\repository\net\bytebuddy\byte-buddy\1.14.11\byte-buddy-1.14.11.jar;C:\Users\Panonit\.m2\repository\org\seleniumhq\selenium\selenium-os\4.17.0\selenium-os-4.17.0.jar;C:\Users\Panonit\.m2\repository\org\apache\commons\commons-exec\1.3\commons-exec-1.3.jar;C:\Users\Panonit\.m2\repository\org\seleniumhq\selenium\selenium-safari-driver\4.17.0\selenium-safari-driver-4.17.0.jar;C:\Users\Panonit\.m2\repository\org\seleniumhq\selenium\selenium-support\4.17.0\selenium-support-4.17.0.jar;C:\Users\Panonit\.m2\repository\ch\qos\logback\logback-classic\1.4.14\logback-classic-1.4.14.jar;C:\Users\Panonit\.m2\repository\ch\qos\logback\logback-core\1.4.14\logback-core-1.4.14.jar;C:\Users\Panonit\.m2\repository\org\slf4j\slf4j-api\2.0.7\slf4j-api-2.0.7.jar;C:\Users\Panonit\.m2\repository\io\github\bonigarcia\webdrivermanager\5.6.3\webdrivermanager-5.6.3.jar;C:\Users\Panonit\.m2\repository\com\google\code\gson\gson\2.10.1\gson-2.10.1.jar;C:\Users\Panonit\.m2\repository\com\github\docker-java\docker-java\3.3.4\docker-java-3.3.4.jar;C:\Users\Panonit\.m2\repository\com\github\docker-java\docker-java-core\3.3.4\docker-java-core-3.3.4.jar;C:\Users\Panonit\.m2\repository\com\github\docker-java\docker-java-api\3.3.4\docker-java-api-3.3.4.jar;C:\Users\Panonit\.m2\repository\org\bouncycastle\bcpkix-jdk18on\1.76\bcpkix-jdk18on-1.76.jar;C:\Users\Panonit\.m2\repository\org\bouncycastle\bcprov-jdk18on\1.76\bcprov-jdk18on-1.76.jar;C:\Users\Panonit\.m2\repository\org\bouncycastle\bcutil-jdk18on\1.76\bcutil-jdk18on-1.76.jar;C:\Users\Panonit\.m2\repository\org\slf4j\jcl-over-slf4j\1.7.30\jcl-over-slf4j-1.7.30.jar;C:\Users\Panonit\.m2\repository\com\github\docker-java\docker-java-transport-httpclient5\3.3.4\docker-java-transport-httpclient5-3.3.4.jar;C:\Users\Panonit\.m2\repository\com\github\docker-java\docker-java-transport\3.3.4\docker-java-transport-3.3.4.jar;C:\Users\Panonit\.m2\repository\net\java\dev\jna\jna\5.13.0\jna-5.13.0.jar;C:\Users\Panonit\.m2\repository\org\brotli\dec\0.1.2\dec-0.1.2.jar;C:\Users\Panonit\.m2\repository\org\apache\commons\commons-lang3\3.14.0\commons-lang3-3.14.0.jar;C:\Users\Panonit\.m2\repository\org\apache\commons\commons-compress\1.25.0\commons-compress-1.25.0.jar;C:\Users\Panonit\.m2\repository\com\fasterxml\jackson\core\jackson-databind\2.16.1\jackson-databind-2.16.1.jar;C:\Users\Panonit\.m2\repository\com\fasterxml\jackson\core\jackson-annotations\2.16.1\jackson-annotations-2.16.1.jar;C:\Users\Panonit\.m2\repository\com\fasterxml\jackson\core\jackson-core\2.16.1\jackson-core-2.16.1.jar;C:\Users\Panonit\.m2\repository\org\testng\testng\7.9.0\testng-7.9.0.jar;C:\Users\Panonit\.m2\repository\com\beust\jcommander\1.82\jcommander-1.82.jar;C:\Users\Panonit\.m2\repository\org\webjars\jquery\3.7.1\jquery-3.7.1.jar;C:\Users\Panonit\.m2\repository\org\apache\httpcomponents\client5\httpclient5\5.2.1\httpclient5-5.2.1.jar;C:\Users\Panonit\.m2\repository\org\apache\httpcomponents\core5\httpcore5\5.2\httpcore5-5.2.jar;C:\Users\Panonit\.m2\repository\org\apache\httpcomponents\core5\httpcore5-h2\5.2\httpcore5-h2-5.2.jar;C:\Users\Panonit\.m2\repository\com\aventstack\extentreports\5.1.1\extentreports-5.1.1.jar;C:\Users\Panonit\.m2\repository\io\reactivex\rxjava3\rxjava\3.1.6\rxjava-3.1.6.jar;C:\Users\Panonit\.m2\repository\org\reactivestreams\reactive-streams\1.0.4\reactive-streams-1.0.4.jar;C:\Users\Panonit\.m2\repository\org\freemarker\freemarker\2.3.32\freemarker-2.3.32.jar;C:\Users\Panonit\.m2\repository\org\projectlombok\lombok\1.18.26\lombok-1.18.26.jar;C:\Users\Panonit\.m2\repository\io\cucumber\cucumber-testng\7.15.0\cucumber-testng-7.15.0.jar;C:\Users\Panonit\.m2\repository\org\apiguardian\apiguardian-api\1.1.2\apiguardian-api-1.1.2.jar;C:\Users\Panonit\.m2\repository\io\cucumber\cucumber-core\7.15.0\cucumber-core-7.15.0.jar;C:\Users\Panonit\.m2\repository\io\cucumber\cucumber-gherkin\7.15.0\cucumber-gherkin-7.15.0.jar;C:\Users\Panonit\.m2\repository\io\cucumber\cucumber-gherkin-messages\7.15.0\cucumber-gherkin-messages-7.15.0.jar;C:\Users\Panonit\.m2\repository\io\cucumber\gherkin\26.2.0\gherkin-26.2.0.jar;C:\Users\Panonit\.m2\repository\io\cucumber\messages\22.0.0\messages-22.0.0.jar;C:\Users\Panonit\.m2\repository\io\cucumber\tag-expressions\6.0.0\tag-expressions-6.0.0.jar;C:\Users\Panonit\.m2\repository\io\cucumber\cucumber-expressions\17.0.1\cucumber-expressions-17.0.1.jar;C:\Users\Panonit\.m2\repository\io\cucumber\datatable\7.15.0\datatable-7.15.0.jar;C:\Users\Panonit\.m2\repository\io\cucumber\cucumber-plugin\7.15.0\cucumber-plugin-7.15.0.jar;C:\Users\Panonit\.m2\repository\io\cucumber\docstring\7.15.0\docstring-7.15.0.jar;C:\Users\Panonit\.m2\repository\io\cucumber\html-formatter\20.4.0\html-formatter-20.4.0.jar;C:\Users\Panonit\.m2\repository\io\cucumber\junit-xml-formatter\0.2.0\junit-xml-formatter-0.2.0.jar;C:\Users\Panonit\.m2\repository\io\cucumber\ci-environment\10.0.0\ci-environment-10.0.0.jar;C:\Users\Panonit\.m2\repository\io\cucumber\cucumber-java\7.15.0\cucumber-java-7.15.0.jar;C:\Users\Panonit\.m2\repository\io\cucumber\cucumber-picocontainer\7.15.0\cucumber-picocontainer-7.15.0.jar;C:\Users\Panonit\.m2\repository\org\picocontainer\picocontainer\2.15\picocontainer-2.15.jar;C:\Users\Panonit\.m2\repository\net\masterthought\maven-cucumber-reporting\5.7.8\maven-cucumber-reporting-5.7.8.jar;C:\Users\Panonit\.m2\repository\org\apache\commons\commons-collections4\4.4\commons-collections4-4.4.jar;C:\Users\Panonit\.m2\repository\net\masterthought\cucumber-reporting\5.7.8\cucumber-reporting-5.7.8.jar;C:\Users\Panonit\.m2\repository\com\fasterxml\jackson\datatype\jackson-datatype-jsr310\2.16.0\jackson-datatype-jsr310-2.16.0.jar;C:\Users\Panonit\.m2\repository\org\apache\velocity\velocity-engine-core\2.3\velocity-engine-core-2.3.jar;C:\Users\Panonit\.m2\repository\joda-time\joda-time\2.12.5\joda-time-2.12.5.jar;C:\Users\Panonit\.m2\repository\commons-io\commons-io\2.7\commons-io-2.7.jar;C:\Users\Panonit\.m2\repository\org\codehaus\plexus\plexus-utils\3.5.1\plexus-utils-3.5.1.jar;C:\Users\Panonit\.m2\repository\org\jsoup\jsoup\1.17.1\jsoup-1.17.1.jar;C:\Users\Panonit\.m2\repository\com\googlecode\owasp-java-html-sanitizer\owasp-java-html-sanitizer\20220608.1\owasp-java-html-sanitizer-20220608.1.jar;C:\Users\Panonit\.m2\repository\commons-configuration\commons-configuration\1.10\commons-configuration-1.10.jar;C:\Users\Panonit\.m2\repository\commons-lang\commons-lang\2.6\commons-lang-2.6.jar;C:\Users\Panonit\.m2\repository\commons-logging\commons-logging\1.1.1\commons-logging-1.1.1.jar;"/>
    <property name="java.vm.vendor" value="Oracle Corporation"/>
    <property name="sun.arch.data.model" value="64"/>
    <property name="user.variant" value=""/>
    <property name="java.vendor.url" value="https://java.oracle.com/"/>
    <property name="user.timezone" value="Europe/Belgrade"/>
    <property name="os.name" value="Windows 10"/>
    <property name="java.vm.specification.version" value="17"/>
    <property name="sun.java.launcher" value="SUN_STANDARD"/>
    <property name="user.country" value="GB"/>
    <property name="sun.boot.library.path" value="C:\Program Files\Java\jdk-17\bin"/>
    <property name="sun.java.command" value="C:\Users\Panonit\AppData\Local\Temp\surefire9538332057620571500\surefirebooter-20240209141910238_3.jar C:\Users\Panonit\AppData\Local\Temp\surefire9538332057620571500 2024-02-09T14-19-09_585-jvmRun1 surefire-20240209141910238_1tmp surefire_0-20240209141910238_2tmp"/>
    <property name="jdk.debug" value="release"/>
    <property name="surefire.test.class.path" value="C:\Users\Panonit\Desktop\cucumber-demo-webapp\target\test-classes;C:\Users\Panonit\Desktop\cucumber-demo-webapp\target\classes;C:\Users\Panonit\.m2\repository\org\seleniumhq\selenium\selenium-java\4.17.0\selenium-java-4.17.0.jar;C:\Users\Panonit\.m2\repository\org\seleniumhq\selenium\selenium-api\4.17.0\selenium-api-4.17.0.jar;C:\Users\Panonit\.m2\repository\org\seleniumhq\selenium\selenium-chrome-driver\4.17.0\selenium-chrome-driver-4.17.0.jar;C:\Users\Panonit\.m2\repository\com\google\auto\service\auto-service-annotations\1.1.1\auto-service-annotations-1.1.1.jar;C:\Users\Panonit\.m2\repository\org\seleniumhq\selenium\selenium-chromium-driver\4.17.0\selenium-chromium-driver-4.17.0.jar;C:\Users\Panonit\.m2\repository\org\seleniumhq\selenium\selenium-json\4.17.0\selenium-json-4.17.0.jar;C:\Users\Panonit\.m2\repository\org\seleniumhq\selenium\selenium-manager\4.17.0\selenium-manager-4.17.0.jar;C:\Users\Panonit\.m2\repository\org\seleniumhq\selenium\selenium-devtools-v119\4.17.0\selenium-devtools-v119-4.17.0.jar;C:\Users\Panonit\.m2\repository\org\seleniumhq\selenium\selenium-devtools-v120\4.17.0\selenium-devtools-v120-4.17.0.jar;C:\Users\Panonit\.m2\repository\org\seleniumhq\selenium\selenium-devtools-v121\4.17.0\selenium-devtools-v121-4.17.0.jar;C:\Users\Panonit\.m2\repository\org\seleniumhq\selenium\selenium-devtools-v85\4.17.0\selenium-devtools-v85-4.17.0.jar;C:\Users\Panonit\.m2\repository\org\seleniumhq\selenium\selenium-edge-driver\4.17.0\selenium-edge-driver-4.17.0.jar;C:\Users\Panonit\.m2\repository\org\seleniumhq\selenium\selenium-firefox-driver\4.17.0\selenium-firefox-driver-4.17.0.jar;C:\Users\Panonit\.m2\repository\org\seleniumhq\selenium\selenium-http\4.17.0\selenium-http-4.17.0.jar;C:\Users\Panonit\.m2\repository\dev\failsafe\failsafe\3.3.2\failsafe-3.3.2.jar;C:\Users\Panonit\.m2\repository\org\seleniumhq\selenium\selenium-ie-driver\4.17.0\selenium-ie-driver-4.17.0.jar;C:\Users\Panonit\.m2\repository\org\seleniumhq\selenium\selenium-remote-driver\4.17.0\selenium-remote-driver-4.17.0.jar;C:\Users\Panonit\.m2\repository\com\google\guava\guava\33.0.0-jre\guava-33.0.0-jre.jar;C:\Users\Panonit\.m2\repository\com\google\guava\failureaccess\1.0.2\failureaccess-1.0.2.jar;C:\Users\Panonit\.m2\repository\com\google\guava\listenablefuture\9999.0-empty-to-avoid-conflict-with-guava\listenablefuture-9999.0-empty-to-avoid-conflict-with-guava.jar;C:\Users\Panonit\.m2\repository\com\google\code\findbugs\jsr305\3.0.2\jsr305-3.0.2.jar;C:\Users\Panonit\.m2\repository\org\checkerframework\checker-qual\3.41.0\checker-qual-3.41.0.jar;C:\Users\Panonit\.m2\repository\com\google\errorprone\error_prone_annotations\2.23.0\error_prone_annotations-2.23.0.jar;C:\Users\Panonit\.m2\repository\com\google\j2objc\j2objc-annotations\2.8\j2objc-annotations-2.8.jar;C:\Users\Panonit\.m2\repository\io\opentelemetry\semconv\opentelemetry-semconv\1.23.1-alpha\opentelemetry-semconv-1.23.1-alpha.jar;C:\Users\Panonit\.m2\repository\io\opentelemetry\opentelemetry-api\1.34.1\opentelemetry-api-1.34.1.jar;C:\Users\Panonit\.m2\repository\io\opentelemetry\opentelemetry-context\1.34.1\opentelemetry-context-1.34.1.jar;C:\Users\Panonit\.m2\repository\io\opentelemetry\opentelemetry-exporter-logging\1.34.1\opentelemetry-exporter-logging-1.34.1.jar;C:\Users\Panonit\.m2\repository\io\opentelemetry\opentelemetry-sdk-common\1.34.1\opentelemetry-sdk-common-1.34.1.jar;C:\Users\Panonit\.m2\repository\io\opentelemetry\opentelemetry-sdk-extension-autoconfigure-spi\1.34.1\opentelemetry-sdk-extension-autoconfigure-spi-1.34.1.jar;C:\Users\Panonit\.m2\repository\io\opentelemetry\opentelemetry-sdk-extension-autoconfigure\1.34.1\opentelemetry-sdk-extension-autoconfigure-1.34.1.jar;C:\Users\Panonit\.m2\repository\io\opentelemetry\opentelemetry-api-events\1.34.1-alpha\opentelemetry-api-events-1.34.1-alpha.jar;C:\Users\Panonit\.m2\repository\io\opentelemetry\opentelemetry-sdk-trace\1.34.1\opentelemetry-sdk-trace-1.34.1.jar;C:\Users\Panonit\.m2\repository\io\opentelemetry\opentelemetry-sdk\1.34.1\opentelemetry-sdk-1.34.1.jar;C:\Users\Panonit\.m2\repository\io\opentelemetry\opentelemetry-sdk-metrics\1.34.1\opentelemetry-sdk-metrics-1.34.1.jar;C:\Users\Panonit\.m2\repository\io\opentelemetry\opentelemetry-extension-incubator\1.34.1-alpha\opentelemetry-extension-incubator-1.34.1-alpha.jar;C:\Users\Panonit\.m2\repository\io\opentelemetry\opentelemetry-sdk-logs\1.34.1\opentelemetry-sdk-logs-1.34.1.jar;C:\Users\Panonit\.m2\repository\net\bytebuddy\byte-buddy\1.14.11\byte-buddy-1.14.11.jar;C:\Users\Panonit\.m2\repository\org\seleniumhq\selenium\selenium-os\4.17.0\selenium-os-4.17.0.jar;C:\Users\Panonit\.m2\repository\org\apache\commons\commons-exec\1.3\commons-exec-1.3.jar;C:\Users\Panonit\.m2\repository\org\seleniumhq\selenium\selenium-safari-driver\4.17.0\selenium-safari-driver-4.17.0.jar;C:\Users\Panonit\.m2\repository\org\seleniumhq\selenium\selenium-support\4.17.0\selenium-support-4.17.0.jar;C:\Users\Panonit\.m2\repository\ch\qos\logback\logback-classic\1.4.14\logback-classic-1.4.14.jar;C:\Users\Panonit\.m2\repository\ch\qos\logback\logback-core\1.4.14\logback-core-1.4.14.jar;C:\Users\Panonit\.m2\repository\org\slf4j\slf4j-api\2.0.7\slf4j-api-2.0.7.jar;C:\Users\Panonit\.m2\repository\io\github\bonigarcia\webdrivermanager\5.6.3\webdrivermanager-5.6.3.jar;C:\Users\Panonit\.m2\repository\com\google\code\gson\gson\2.10.1\gson-2.10.1.jar;C:\Users\Panonit\.m2\repository\com\github\docker-java\docker-java\3.3.4\docker-java-3.3.4.jar;C:\Users\Panonit\.m2\repository\com\github\docker-java\docker-java-core\3.3.4\docker-java-core-3.3.4.jar;C:\Users\Panonit\.m2\repository\com\github\docker-java\docker-java-api\3.3.4\docker-java-api-3.3.4.jar;C:\Users\Panonit\.m2\repository\org\bouncycastle\bcpkix-jdk18on\1.76\bcpkix-jdk18on-1.76.jar;C:\Users\Panonit\.m2\repository\org\bouncycastle\bcprov-jdk18on\1.76\bcprov-jdk18on-1.76.jar;C:\Users\Panonit\.m2\repository\org\bouncycastle\bcutil-jdk18on\1.76\bcutil-jdk18on-1.76.jar;C:\Users\Panonit\.m2\repository\org\slf4j\jcl-over-slf4j\1.7.30\jcl-over-slf4j-1.7.30.jar;C:\Users\Panonit\.m2\repository\com\github\docker-java\docker-java-transport-httpclient5\3.3.4\docker-java-transport-httpclient5-3.3.4.jar;C:\Users\Panonit\.m2\repository\com\github\docker-java\docker-java-transport\3.3.4\docker-java-transport-3.3.4.jar;C:\Users\Panonit\.m2\repository\net\java\dev\jna\jna\5.13.0\jna-5.13.0.jar;C:\Users\Panonit\.m2\repository\org\brotli\dec\0.1.2\dec-0.1.2.jar;C:\Users\Panonit\.m2\repository\org\apache\commons\commons-lang3\3.14.0\commons-lang3-3.14.0.jar;C:\Users\Panonit\.m2\repository\org\apache\commons\commons-compress\1.25.0\commons-compress-1.25.0.jar;C:\Users\Panonit\.m2\repository\com\fasterxml\jackson\core\jackson-databind\2.16.1\jackson-databind-2.16.1.jar;C:\Users\Panonit\.m2\repository\com\fasterxml\jackson\core\jackson-annotations\2.16.1\jackson-annotations-2.16.1.jar;C:\Users\Panonit\.m2\repository\com\fasterxml\jackson\core\jackson-core\2.16.1\jackson-core-2.16.1.jar;C:\Users\Panonit\.m2\repository\org\testng\testng\7.9.0\testng-7.9.0.jar;C:\Users\Panonit\.m2\repository\com\beust\jcommander\1.82\jcommander-1.82.jar;C:\Users\Panonit\.m2\repository\org\webjars\jquery\3.7.1\jquery-3.7.1.jar;C:\Users\Panonit\.m2\repository\org\apache\httpcomponents\client5\httpclient5\5.2.1\httpclient5-5.2.1.jar;C:\Users\Panonit\.m2\repository\org\apache\httpcomponents\core5\httpcore5\5.2\httpcore5-5.2.jar;C:\Users\Panonit\.m2\repository\org\apache\httpcomponents\core5\httpcore5-h2\5.2\httpcore5-h2-5.2.jar;C:\Users\Panonit\.m2\repository\com\aventstack\extentreports\5.1.1\extentreports-5.1.1.jar;C:\Users\Panonit\.m2\repository\io\reactivex\rxjava3\rxjava\3.1.6\rxjava-3.1.6.jar;C:\Users\Panonit\.m2\repository\org\reactivestreams\reactive-streams\1.0.4\reactive-streams-1.0.4.jar;C:\Users\Panonit\.m2\repository\org\freemarker\freemarker\2.3.32\freemarker-2.3.32.jar;C:\Users\Panonit\.m2\repository\org\projectlombok\lombok\1.18.26\lombok-1.18.26.jar;C:\Users\Panonit\.m2\repository\io\cucumber\cucumber-testng\7.15.0\cucumber-testng-7.15.0.jar;C:\Users\Panonit\.m2\repository\org\apiguardian\apiguardian-api\1.1.2\apiguardian-api-1.1.2.jar;C:\Users\Panonit\.m2\repository\io\cucumber\cucumber-core\7.15.0\cucumber-core-7.15.0.jar;C:\Users\Panonit\.m2\repository\io\cucumber\cucumber-gherkin\7.15.0\cucumber-gherkin-7.15.0.jar;C:\Users\Panonit\.m2\repository\io\cucumber\cucumber-gherkin-messages\7.15.0\cucumber-gherkin-messages-7.15.0.jar;C:\Users\Panonit\.m2\repository\io\cucumber\gherkin\26.2.0\gherkin-26.2.0.jar;C:\Users\Panonit\.m2\repository\io\cucumber\messages\22.0.0\messages-22.0.0.jar;C:\Users\Panonit\.m2\repository\io\cucumber\tag-expressions\6.0.0\tag-expressions-6.0.0.jar;C:\Users\Panonit\.m2\repository\io\cucumber\cucumber-expressions\17.0.1\cucumber-expressions-17.0.1.jar;C:\Users\Panonit\.m2\repository\io\cucumber\datatable\7.15.0\datatable-7.15.0.jar;C:\Users\Panonit\.m2\repository\io\cucumber\cucumber-plugin\7.15.0\cucumber-plugin-7.15.0.jar;C:\Users\Panonit\.m2\repository\io\cucumber\docstring\7.15.0\docstring-7.15.0.jar;C:\Users\Panonit\.m2\repository\io\cucumber\html-formatter\20.4.0\html-formatter-20.4.0.jar;C:\Users\Panonit\.m2\repository\io\cucumber\junit-xml-formatter\0.2.0\junit-xml-formatter-0.2.0.jar;C:\Users\Panonit\.m2\repository\io\cucumber\ci-environment\10.0.0\ci-environment-10.0.0.jar;C:\Users\Panonit\.m2\repository\io\cucumber\cucumber-java\7.15.0\cucumber-java-7.15.0.jar;C:\Users\Panonit\.m2\repository\io\cucumber\cucumber-picocontainer\7.15.0\cucumber-picocontainer-7.15.0.jar;C:\Users\Panonit\.m2\repository\org\picocontainer\picocontainer\2.15\picocontainer-2.15.jar;C:\Users\Panonit\.m2\repository\net\masterthought\maven-cucumber-reporting\5.7.8\maven-cucumber-reporting-5.7.8.jar;C:\Users\Panonit\.m2\repository\org\apache\commons\commons-collections4\4.4\commons-collections4-4.4.jar;C:\Users\Panonit\.m2\repository\net\masterthought\cucumber-reporting\5.7.8\cucumber-reporting-5.7.8.jar;C:\Users\Panonit\.m2\repository\com\fasterxml\jackson\datatype\jackson-datatype-jsr310\2.16.0\jackson-datatype-jsr310-2.16.0.jar;C:\Users\Panonit\.m2\repository\org\apache\velocity\velocity-engine-core\2.3\velocity-engine-core-2.3.jar;C:\Users\Panonit\.m2\repository\joda-time\joda-time\2.12.5\joda-time-2.12.5.jar;C:\Users\Panonit\.m2\repository\commons-io\commons-io\2.7\commons-io-2.7.jar;C:\Users\Panonit\.m2\repository\org\codehaus\plexus\plexus-utils\3.5.1\plexus-utils-3.5.1.jar;C:\Users\Panonit\.m2\repository\org\jsoup\jsoup\1.17.1\jsoup-1.17.1.jar;C:\Users\Panonit\.m2\repository\com\googlecode\owasp-java-html-sanitizer\owasp-java-html-sanitizer\20220608.1\owasp-java-html-sanitizer-20220608.1.jar;C:\Users\Panonit\.m2\repository\commons-configuration\commons-configuration\1.10\commons-configuration-1.10.jar;C:\Users\Panonit\.m2\repository\commons-lang\commons-lang\2.6\commons-lang-2.6.jar;C:\Users\Panonit\.m2\repository\commons-logging\commons-logging\1.1.1\commons-logging-1.1.1.jar;"/>
    <property name="sun.cpu.endian" value="little"/>
    <property name="user.home" value="C:\Users\Panonit"/>
    <property name="user.language" value="en"/>
    <property name="java.specification.vendor" value="Oracle Corporation"/>
    <property name="java.version.date" value="2023-10-17"/>
    <property name="java.home" value="C:\Program Files\Java\jdk-17"/>
    <property name="file.separator" value="\"/>
    <property name="basedir" value="C:\Users\Panonit\Desktop\cucumber-demo-webapp"/>
    <property name="java.vm.compressedOopsMode" value="32-bit"/>
    <property name="line.separator" value="&#10;"/>
    <property name="java.vm.specification.vendor" value="Oracle Corporation"/>
    <property name="java.specification.name" value="Java Platform API Specification"/>
    <property name="surefire.real.class.path" value="C:\Users\Panonit\AppData\Local\Temp\surefire9538332057620571500\surefirebooter-20240209141910238_3.jar"/>
    <property name="user.script" value=""/>
    <property name="sun.management.compiler" value="HotSpot 64-Bit Tiered Compilers"/>
    <property name="java.runtime.version" value="17.0.9+11-LTS-201"/>
    <property name="user.name" value="Panonit"/>
    <property name="path.separator" value=";"/>
    <property name="os.version" value="10.0"/>
    <property name="java.runtime.name" value="Java(TM) SE Runtime Environment"/>
    <property name="file.encoding" value="Cp1252"/>
    <property name="browser" value="chrome"/>
    <property name="java.vm.name" value="Java HotSpot(TM) 64-Bit Server VM"/>
    <property name="seleniumGridEnabled" value="false"/>
    <property name="localRepository" value="C:\Users\Panonit\.m2\repository"/>
    <property name="java.vendor.url.bug" value="https://bugreport.java.com/bugreport/"/>
    <property name="java.io.tmpdir" value="C:\Users\Panonit\AppData\Local\Temp\"/>
    <property name="java.version" value="17.0.9"/>
    <property name="user.dir" value="C:\Users\Panonit\Desktop\cucumber-demo-webapp"/>
    <property name="os.arch" value="amd64"/>
    <property name="java.vm.specification.name" value="Java Virtual Machine Specification"/>
    <property name="sun.os.patch.level" value=""/>
    <property name="native.encoding" value="Cp1252"/>
    <property name="java.library.path" value="C:\Program Files\Java\jdk-17\bin;C:\Windows\Sun\Java\bin;C:\Windows\system32;C:\Windows;C:\Program Files\Java\jdk-17\bin;C:\Program Files\Java\jdk1.8.0_202\bin;C:\Program Files (x86)\Common Files\Oracle\Java\javapath;C:\Program Files\Common Files\Oracle\Java\javapath;C:\Program Files (x86)\Intel\iCLS Client\;C:\Program Files\Intel\iCLS Client\;C:\Windows\system32;C:\Windows;C:\Windows\System32\Wbem;C:\Windows\System32\WindowsPowerShell\v1.0\;C:\Windows\System32\OpenSSH\;C:\Program Files\Intel\Intel(R) Management Engine Components\DAL;C:\Program Files\Intel\Intel(R) Management Engine Components\IPT;C:\Program Files (x86)\Intel\Intel(R) Management Engine Components\DAL;C:\Program Files (x86)\Intel\Intel(R) Management Engine Components\IPT;C:\Program Files\nodejs\;C:\Program Files\FCE Extension\;C:\Program Files\Java\jdk-17\bin;C:\Program Files\Apache\apache-maven-3.9.6\bin;C:\Program Files\Docker\Docker\resources\bin;C:\ChromeDriver;C:\Program Files\Git\cmd;C:\Users\Panonit\AppData\Local\Microsoft\WindowsApps;C:\Users\Panonit\AppData\Roaming\npm;C:\Users\Panonit\AppData\Local\GitHubDesktop\bin;;C:\Users\Panonit\AppData\Local\Programs\Microsoft VS Code\bin;C:\Program Files\JetBrains\IntelliJ IDEA Educational Edition 2022.2.2\bin;;."/>
    <property name="java.vm.info" value="mixed mode, sharing"/>
    <property name="java.vendor" value="Oracle Corporation"/>
    <property name="java.vm.version" value="17.0.9+11-LTS-201"/>
    <property name="sun.io.unicode.encoding" value="UnicodeLittle"/>
    <property name="java.class.version" value="61.0"/>
  </properties>
  <testcase name="runScenario[&quot;Searching Hand Tools by Category&quot;, &quot;Categories dropwdown scenarios&quot;](1)" classname="org.example.runner.CucumberRunnerTests1" time="21.488">
    <failure message="expected [true] but found [false]" type="java.lang.AssertionError"><![CDATA[java.lang.AssertionError: expected [true] but found [false]
	at org.testng.Assert.fail(Assert.java:111)
	at org.testng.Assert.failNotEquals(Assert.java:1578)
	at org.testng.Assert.assertTrue(Assert.java:57)
	at org.testng.Assert.assertTrue(Assert.java:67)
	at org.example.step_definitions.CategoriesDropdown_Steps.only_should_appear_on_page_and_nothing_else(CategoriesDropdown_Steps.java:55)
	at ✽.only 7 'Hammers' should appear on page and nothing else(file:///C:/Users/Panonit/Desktop/cucumber-demo-webapp/src/test/resources/features/Categories.feature:8)
]]></failure>
    <system-out><![CDATA[14:19:11.764 [main] DEBUG org.testng.TestNG -- suiteXmlPath: "C:\Users\Panonit\Desktop\cucumber-demo-webapp\src\test\resources\test-suites\testng.xml"

Scenario Outline: Searching Hand Tools by Category                   # src/test/resources/features/Categories.feature:12
14:19:14.223 [TestNG-PoolService-1] DEBUG io.github.bonigarcia.wdm.WebDriverManager -- Using WebDriverManager 5.6.3
14:19:14.945 [TestNG-PoolService-1] DEBUG io.github.bonigarcia.wdm.cache.ResolutionCache -- Resolution chrome=121 in cache (valid until 14:34:53 09/02/2024 CET)
14:19:14.946 [TestNG-PoolService-1] DEBUG io.github.bonigarcia.wdm.cache.ResolutionCache -- Resolution chrome121=121.0.6167.85 in cache (valid until 13:34:53 10/02/2024 CET)
14:19:14.947 [TestNG-PoolService-1] INFO io.github.bonigarcia.wdm.WebDriverManager -- Using chromedriver 121.0.6167.85 (resolved driver for Chrome 121)
14:19:14.984 [TestNG-PoolService-1] DEBUG io.github.bonigarcia.wdm.WebDriverManager -- Driver chromedriver 121.0.6167.85 found in cache
14:19:14.985 [TestNG-PoolService-1] INFO io.github.bonigarcia.wdm.WebDriverManager -- Exporting webdriver.chrome.driver as C:\Users\Panonit\.cache\selenium\chromedriver\win64\121.0.6167.85\chromedriver.exe
  Given I am on the Home Page                                        # org.example.step_definitions.CategoriesDropdown_Steps.i_am_on_the_home_page()
  When I click on the Categories button and pick Hand Tools Category # org.example.step_definitions.CategoriesDropdown_Steps.i_click_on_the_categories_button_and_pick_hand_tools_category()
  And Pick 'Hammer' Category                                         # org.example.step_definitions.CategoriesDropdown_Steps.pick_category(java.lang.String)
  Then only 7 'Hammers' should appear on page and nothing else       # org.example.step_definitions.CategoriesDropdown_Steps.only_should_appear_on_page_and_nothing_else(java.lang.Integer,java.lang.String)
      java.lang.AssertionError: expected [true] but found [false]
	at org.testng.Assert.fail(Assert.java:111)
	at org.testng.Assert.failNotEquals(Assert.java:1578)
	at org.testng.Assert.assertTrue(Assert.java:57)
	at org.testng.Assert.assertTrue(Assert.java:67)
	at org.example.step_definitions.CategoriesDropdown_Steps.only_should_appear_on_page_and_nothing_else(CategoriesDropdown_Steps.java:55)
	at âœ½.only 7 'Hammers' should appear on page and nothing else(file:///C:/Users/Panonit/Desktop/cucumber-demo-webapp/src/test/resources/features/Categories.feature:8)


    Embedding screenshot [image/png 507810 bytes]

]]></system-out>
  </testcase>
  <testcase name="runScenario[&quot;Searching Hand Tools by Category&quot;, &quot;Categories dropwdown scenarios&quot;](2)" classname="org.example.runner.CucumberRunnerTests1" time="14.596">
    <failure message="expected [true] but found [false]" type="java.lang.AssertionError"><![CDATA[java.lang.AssertionError: expected [true] but found [false]
	at org.testng.Assert.fail(Assert.java:111)
	at org.testng.Assert.failNotEquals(Assert.java:1578)
	at org.testng.Assert.assertTrue(Assert.java:57)
	at org.testng.Assert.assertTrue(Assert.java:67)
	at org.example.step_definitions.CategoriesDropdown_Steps.only_should_appear_on_page_and_nothing_else(CategoriesDropdown_Steps.java:55)
	at ✽.only 1 'Hand Saws' should appear on page and nothing else(file:///C:/Users/Panonit/Desktop/cucumber-demo-webapp/src/test/resources/features/Categories.feature:8)
]]></failure>
    <system-out><![CDATA[
Scenario Outline: Searching Hand Tools by Category                   # src/test/resources/features/Categories.feature:13
14:19:35.484 [TestNG-PoolService-1] DEBUG io.github.bonigarcia.wdm.WebDriverManager -- Using WebDriverManager 5.6.3
14:19:35.508 [TestNG-PoolService-1] DEBUG io.github.bonigarcia.wdm.cache.ResolutionCache -- Resolution chrome=121 in cache (valid until 14:34:53 09/02/2024 CET)
14:19:35.510 [TestNG-PoolService-1] DEBUG io.github.bonigarcia.wdm.cache.ResolutionCache -- Resolution chrome121=121.0.6167.85 in cache (valid until 13:34:53 10/02/2024 CET)
14:19:35.510 [TestNG-PoolService-1] INFO io.github.bonigarcia.wdm.WebDriverManager -- Using chromedriver 121.0.6167.85 (resolved driver for Chrome 121)
14:19:35.522 [TestNG-PoolService-1] DEBUG io.github.bonigarcia.wdm.WebDriverManager -- Driver chromedriver 121.0.6167.85 found in cache
14:19:35.523 [TestNG-PoolService-1] INFO io.github.bonigarcia.wdm.WebDriverManager -- Exporting webdriver.chrome.driver as C:\Users\Panonit\.cache\selenium\chromedriver\win64\121.0.6167.85\chromedriver.exe
  Given I am on the Home Page                                        # org.example.step_definitions.CategoriesDropdown_Steps.i_am_on_the_home_page()
  When I click on the Categories button and pick Hand Tools Category # org.example.step_definitions.CategoriesDropdown_Steps.i_click_on_the_categories_button_and_pick_hand_tools_category()
  And Pick 'Hand Saw' Category                                       # org.example.step_definitions.CategoriesDropdown_Steps.pick_category(java.lang.String)
  Then only 1 'Hand Saws' should appear on page and nothing else     # org.example.step_definitions.CategoriesDropdown_Steps.only_should_appear_on_page_and_nothing_else(java.lang.Integer,java.lang.String)
      java.lang.AssertionError: expected [true] but found [false]
	at org.testng.Assert.fail(Assert.java:111)
	at org.testng.Assert.failNotEquals(Assert.java:1578)
	at org.testng.Assert.assertTrue(Assert.java:57)
	at org.testng.Assert.assertTrue(Assert.java:67)
	at org.example.step_definitions.CategoriesDropdown_Steps.only_should_appear_on_page_and_nothing_else(CategoriesDropdown_Steps.java:55)
	at âœ½.only 1 'Hand Saws' should appear on page and nothing else(file:///C:/Users/Panonit/Desktop/cucumber-demo-webapp/src/test/resources/features/Categories.feature:8)


    Embedding screenshot [image/png 141622 bytes]

]]></system-out>
  </testcase>
  <testcase name="runScenario[&quot;Searching Hand Tools by Category&quot;, &quot;Categories dropwdown scenarios&quot;](3)" classname="org.example.runner.CucumberRunnerTests1" time="14.448">
    <failure message="expected [true] but found [false]" type="java.lang.AssertionError"><![CDATA[java.lang.AssertionError: expected [true] but found [false]
	at org.testng.Assert.fail(Assert.java:111)
	at org.testng.Assert.failNotEquals(Assert.java:1578)
	at org.testng.Assert.assertTrue(Assert.java:57)
	at org.testng.Assert.assertTrue(Assert.java:67)
	at org.example.step_definitions.CategoriesDropdown_Steps.only_should_appear_on_page_and_nothing_else(CategoriesDropdown_Steps.java:55)
	at ✽.only 3 'Wrenches' should appear on page and nothing else(file:///C:/Users/Panonit/Desktop/cucumber-demo-webapp/src/test/resources/features/Categories.feature:8)
]]></failure>
    <system-out><![CDATA[
Scenario Outline: Searching Hand Tools by Category                   # src/test/resources/features/Categories.feature:14
14:19:50.109 [TestNG-PoolService-1] DEBUG io.github.bonigarcia.wdm.WebDriverManager -- Using WebDriverManager 5.6.3
14:19:50.141 [TestNG-PoolService-1] DEBUG io.github.bonigarcia.wdm.cache.ResolutionCache -- Resolution chrome=121 in cache (valid until 14:34:53 09/02/2024 CET)
14:19:50.142 [TestNG-PoolService-1] DEBUG io.github.bonigarcia.wdm.cache.ResolutionCache -- Resolution chrome121=121.0.6167.85 in cache (valid until 13:34:53 10/02/2024 CET)
14:19:50.143 [TestNG-PoolService-1] INFO io.github.bonigarcia.wdm.WebDriverManager -- Using chromedriver 121.0.6167.85 (resolved driver for Chrome 121)
14:19:50.158 [TestNG-PoolService-1] DEBUG io.github.bonigarcia.wdm.WebDriverManager -- Driver chromedriver 121.0.6167.85 found in cache
14:19:50.159 [TestNG-PoolService-1] INFO io.github.bonigarcia.wdm.WebDriverManager -- Exporting webdriver.chrome.driver as C:\Users\Panonit\.cache\selenium\chromedriver\win64\121.0.6167.85\chromedriver.exe
  Given I am on the Home Page                                        # org.example.step_definitions.CategoriesDropdown_Steps.i_am_on_the_home_page()
  When I click on the Categories button and pick Hand Tools Category # org.example.step_definitions.CategoriesDropdown_Steps.i_click_on_the_categories_button_and_pick_hand_tools_category()
  And Pick 'Wrench' Category                                         # org.example.step_definitions.CategoriesDropdown_Steps.pick_category(java.lang.String)
  Then only 3 'Wrenches' should appear on page and nothing else      # org.example.step_definitions.CategoriesDropdown_Steps.only_should_appear_on_page_and_nothing_else(java.lang.Integer,java.lang.String)
      java.lang.AssertionError: expected [true] but found [false]
	at org.testng.Assert.fail(Assert.java:111)
	at org.testng.Assert.failNotEquals(Assert.java:1578)
	at org.testng.Assert.assertTrue(Assert.java:57)
	at org.testng.Assert.assertTrue(Assert.java:67)
	at org.example.step_definitions.CategoriesDropdown_Steps.only_should_appear_on_page_and_nothing_else(CategoriesDropdown_Steps.java:55)
	at âœ½.only 3 'Wrenches' should appear on page and nothing else(file:///C:/Users/Panonit/Desktop/cucumber-demo-webapp/src/test/resources/features/Categories.feature:8)


    Embedding screenshot [image/png 182356 bytes]

]]></system-out>
  </testcase>
  <testcase name="runScenario[&quot;Searching Hand Tools by Category&quot;, &quot;Categories dropwdown scenarios&quot;](4)" classname="org.example.runner.CucumberRunnerTests1" time="15.18">
    <failure message="expected [true] but found [false]" type="java.lang.AssertionError"><![CDATA[java.lang.AssertionError: expected [true] but found [false]
	at org.testng.Assert.fail(Assert.java:111)
	at org.testng.Assert.failNotEquals(Assert.java:1578)
	at org.testng.Assert.assertTrue(Assert.java:57)
	at org.testng.Assert.assertTrue(Assert.java:67)
	at org.example.step_definitions.CategoriesDropdown_Steps.only_should_appear_on_page_and_nothing_else(CategoriesDropdown_Steps.java:55)
	at ✽.only 2 'Screwdrivers' should appear on page and nothing else(file:///C:/Users/Panonit/Desktop/cucumber-demo-webapp/src/test/resources/features/Categories.feature:8)
]]></failure>
    <system-out><![CDATA[
Scenario Outline: Searching Hand Tools by Category                   # src/test/resources/features/Categories.feature:15
14:20:04.554 [TestNG-PoolService-1] DEBUG io.github.bonigarcia.wdm.WebDriverManager -- Using WebDriverManager 5.6.3
14:20:04.570 [TestNG-PoolService-1] DEBUG io.github.bonigarcia.wdm.cache.ResolutionCache -- Resolution chrome=121 in cache (valid until 14:34:53 09/02/2024 CET)
14:20:04.571 [TestNG-PoolService-1] DEBUG io.github.bonigarcia.wdm.cache.ResolutionCache -- Resolution chrome121=121.0.6167.85 in cache (valid until 13:34:53 10/02/2024 CET)
14:20:04.571 [TestNG-PoolService-1] INFO io.github.bonigarcia.wdm.WebDriverManager -- Using chromedriver 121.0.6167.85 (resolved driver for Chrome 121)
14:20:04.583 [TestNG-PoolService-1] DEBUG io.github.bonigarcia.wdm.WebDriverManager -- Driver chromedriver 121.0.6167.85 found in cache
14:20:04.584 [TestNG-PoolService-1] INFO io.github.bonigarcia.wdm.WebDriverManager -- Exporting webdriver.chrome.driver as C:\Users\Panonit\.cache\selenium\chromedriver\win64\121.0.6167.85\chromedriver.exe
  Given I am on the Home Page                                        # org.example.step_definitions.CategoriesDropdown_Steps.i_am_on_the_home_page()
  When I click on the Categories button and pick Hand Tools Category # org.example.step_definitions.CategoriesDropdown_Steps.i_click_on_the_categories_button_and_pick_hand_tools_category()
  And Pick 'Screwdriver' Category                                    # org.example.step_definitions.CategoriesDropdown_Steps.pick_category(java.lang.String)
  Then only 2 'Screwdrivers' should appear on page and nothing else  # org.example.step_definitions.CategoriesDropdown_Steps.only_should_appear_on_page_and_nothing_else(java.lang.Integer,java.lang.String)
      java.lang.AssertionError: expected [true] but found [false]
	at org.testng.Assert.fail(Assert.java:111)
	at org.testng.Assert.failNotEquals(Assert.java:1578)
	at org.testng.Assert.assertTrue(Assert.java:57)
	at org.testng.Assert.assertTrue(Assert.java:67)
	at org.example.step_definitions.CategoriesDropdown_Steps.only_should_appear_on_page_and_nothing_else(CategoriesDropdown_Steps.java:55)
	at âœ½.only 2 'Screwdrivers' should appear on page and nothing else(file:///C:/Users/Panonit/Desktop/cucumber-demo-webapp/src/test/resources/features/Categories.feature:8)


    Embedding screenshot [image/png 136347 bytes]

]]></system-out>
  </testcase>
  <testcase name="runScenario[&quot;Searching Hand Tools by Category&quot;, &quot;Categories dropwdown scenarios&quot;](5)" classname="org.example.runner.CucumberRunnerTests1" time="14.644">
    <failure message="expected [true] but found [false]" type="java.lang.AssertionError"><![CDATA[java.lang.AssertionError: expected [true] but found [false]
	at org.testng.Assert.fail(Assert.java:111)
	at org.testng.Assert.failNotEquals(Assert.java:1578)
	at org.testng.Assert.assertTrue(Assert.java:57)
	at org.testng.Assert.assertTrue(Assert.java:67)
	at org.example.step_definitions.CategoriesDropdown_Steps.only_should_appear_on_page_and_nothing_else(CategoriesDropdown_Steps.java:55)
	at ✽.only 5 'Pilers' should appear on page and nothing else(file:///C:/Users/Panonit/Desktop/cucumber-demo-webapp/src/test/resources/features/Categories.feature:8)
]]></failure>
    <system-out><![CDATA[
Scenario Outline: Searching Hand Tools by Category                   # src/test/resources/features/Categories.feature:16
14:20:19.715 [TestNG-PoolService-1] DEBUG io.github.bonigarcia.wdm.WebDriverManager -- Using WebDriverManager 5.6.3
14:20:19.730 [TestNG-PoolService-1] DEBUG io.github.bonigarcia.wdm.cache.ResolutionCache -- Resolution chrome=121 in cache (valid until 14:34:53 09/02/2024 CET)
14:20:19.731 [TestNG-PoolService-1] DEBUG io.github.bonigarcia.wdm.cache.ResolutionCache -- Resolution chrome121=121.0.6167.85 in cache (valid until 13:34:53 10/02/2024 CET)
14:20:19.731 [TestNG-PoolService-1] INFO io.github.bonigarcia.wdm.WebDriverManager -- Using chromedriver 121.0.6167.85 (resolved driver for Chrome 121)
14:20:19.744 [TestNG-PoolService-1] DEBUG io.github.bonigarcia.wdm.WebDriverManager -- Driver chromedriver 121.0.6167.85 found in cache
14:20:19.745 [TestNG-PoolService-1] INFO io.github.bonigarcia.wdm.WebDriverManager -- Exporting webdriver.chrome.driver as C:\Users\Panonit\.cache\selenium\chromedriver\win64\121.0.6167.85\chromedriver.exe
  Given I am on the Home Page                                        # org.example.step_definitions.CategoriesDropdown_Steps.i_am_on_the_home_page()
  When I click on the Categories button and pick Hand Tools Category # org.example.step_definitions.CategoriesDropdown_Steps.i_click_on_the_categories_button_and_pick_hand_tools_category()
  And Pick 'Pilers' Category                                         # org.example.step_definitions.CategoriesDropdown_Steps.pick_category(java.lang.String)
  Then only 5 'Pilers' should appear on page and nothing else        # org.example.step_definitions.CategoriesDropdown_Steps.only_should_appear_on_page_and_nothing_else(java.lang.Integer,java.lang.String)
      java.lang.AssertionError: expected [true] but found [false]
	at org.testng.Assert.fail(Assert.java:111)
	at org.testng.Assert.failNotEquals(Assert.java:1578)
	at org.testng.Assert.assertTrue(Assert.java:57)
	at org.testng.Assert.assertTrue(Assert.java:67)
	at org.example.step_definitions.CategoriesDropdown_Steps.only_should_appear_on_page_and_nothing_else(CategoriesDropdown_Steps.java:55)
	at âœ½.only 5 'Pilers' should appear on page and nothing else(file:///C:/Users/Panonit/Desktop/cucumber-demo-webapp/src/test/resources/features/Categories.feature:8)


    Embedding screenshot [image/png 530705 bytes]

]]></system-out>
  </testcase>
  <testcase name="runScenario[&quot;Searching Hand Tools by Category&quot;, &quot;Categories dropwdown scenarios&quot;](6)" classname="org.example.runner.CucumberRunnerTests1" time="14.126">
    <system-out><![CDATA[
Scenario Outline: Searching Hand Tools by Category                   # src/test/resources/features/Categories.feature:17
14:20:34.383 [TestNG-PoolService-1] DEBUG io.github.bonigarcia.wdm.WebDriverManager -- Using WebDriverManager 5.6.3
14:20:34.403 [TestNG-PoolService-1] DEBUG io.github.bonigarcia.wdm.cache.ResolutionCache -- Resolution chrome=121 in cache (valid until 14:34:53 09/02/2024 CET)
14:20:34.404 [TestNG-PoolService-1] DEBUG io.github.bonigarcia.wdm.cache.ResolutionCache -- Resolution chrome121=121.0.6167.85 in cache (valid until 13:34:53 10/02/2024 CET)
14:20:34.404 [TestNG-PoolService-1] INFO io.github.bonigarcia.wdm.WebDriverManager -- Using chromedriver 121.0.6167.85 (resolved driver for Chrome 121)
14:20:34.419 [TestNG-PoolService-1] DEBUG io.github.bonigarcia.wdm.WebDriverManager -- Driver chromedriver 121.0.6167.85 found in cache
14:20:34.420 [TestNG-PoolService-1] INFO io.github.bonigarcia.wdm.WebDriverManager -- Exporting webdriver.chrome.driver as C:\Users\Panonit\.cache\selenium\chromedriver\win64\121.0.6167.85\chromedriver.exe
  Given I am on the Home Page                                        # org.example.step_definitions.CategoriesDropdown_Steps.i_am_on_the_home_page()
  When I click on the Categories button and pick Hand Tools Category # org.example.step_definitions.CategoriesDropdown_Steps.i_click_on_the_categories_button_and_pick_hand_tools_category()
  And Pick 'Chisels' Category                                        # org.example.step_definitions.CategoriesDropdown_Steps.pick_category(java.lang.String)
  Then only 3 'Chisels' should appear on page and nothing else       # org.example.step_definitions.CategoriesDropdown_Steps.only_should_appear_on_page_and_nothing_else(java.lang.Integer,java.lang.String)
]]></system-out>
  </testcase>
  <testcase name="runScenario[&quot;Searching Hand Tools by Category&quot;, &quot;Categories dropwdown scenarios&quot;](7)" classname="org.example.runner.CucumberRunnerTests1" time="14.487">
    <failure message="expected [true] but found [false]" type="java.lang.AssertionError"><![CDATA[java.lang.AssertionError: expected [true] but found [false]
	at org.testng.Assert.fail(Assert.java:111)
	at org.testng.Assert.failNotEquals(Assert.java:1578)
	at org.testng.Assert.assertTrue(Assert.java:57)
	at org.testng.Assert.assertTrue(Assert.java:67)
	at org.example.step_definitions.CategoriesDropdown_Steps.only_should_appear_on_page_and_nothing_else(CategoriesDropdown_Steps.java:55)
	at ✽.only 4 'Measures' should appear on page and nothing else(file:///C:/Users/Panonit/Desktop/cucumber-demo-webapp/src/test/resources/features/Categories.feature:8)
]]></failure>
    <system-out><![CDATA[
Scenario Outline: Searching Hand Tools by Category                   # src/test/resources/features/Categories.feature:18
14:20:48.498 [TestNG-PoolService-1] DEBUG io.github.bonigarcia.wdm.WebDriverManager -- Using WebDriverManager 5.6.3
14:20:48.529 [TestNG-PoolService-1] DEBUG io.github.bonigarcia.wdm.cache.ResolutionCache -- Resolution chrome=121 in cache (valid until 14:34:53 09/02/2024 CET)
14:20:48.530 [TestNG-PoolService-1] DEBUG io.github.bonigarcia.wdm.cache.ResolutionCache -- Resolution chrome121=121.0.6167.85 in cache (valid until 13:34:53 10/02/2024 CET)
14:20:48.531 [TestNG-PoolService-1] INFO io.github.bonigarcia.wdm.WebDriverManager -- Using chromedriver 121.0.6167.85 (resolved driver for Chrome 121)
14:20:48.543 [TestNG-PoolService-1] DEBUG io.github.bonigarcia.wdm.WebDriverManager -- Driver chromedriver 121.0.6167.85 found in cache
14:20:48.544 [TestNG-PoolService-1] INFO io.github.bonigarcia.wdm.WebDriverManager -- Exporting webdriver.chrome.driver as C:\Users\Panonit\.cache\selenium\chromedriver\win64\121.0.6167.85\chromedriver.exe
  Given I am on the Home Page                                        # org.example.step_definitions.CategoriesDropdown_Steps.i_am_on_the_home_page()
  When I click on the Categories button and pick Hand Tools Category # org.example.step_definitions.CategoriesDropdown_Steps.i_click_on_the_categories_button_and_pick_hand_tools_category()
  And Pick 'Measures' Category                                       # org.example.step_definitions.CategoriesDropdown_Steps.pick_category(java.lang.String)
  Then only 4 'Measures' should appear on page and nothing else      # org.example.step_definitions.CategoriesDropdown_Steps.only_should_appear_on_page_and_nothing_else(java.lang.Integer,java.lang.String)
      java.lang.AssertionError: expected [true] but found [false]
	at org.testng.Assert.fail(Assert.java:111)
	at org.testng.Assert.failNotEquals(Assert.java:1578)
	at org.testng.Assert.assertTrue(Assert.java:57)
	at org.testng.Assert.assertTrue(Assert.java:67)
	at org.example.step_definitions.CategoriesDropdown_Steps.only_should_appear_on_page_and_nothing_else(CategoriesDropdown_Steps.java:55)
	at âœ½.only 4 'Measures' should appear on page and nothing else(file:///C:/Users/Panonit/Desktop/cucumber-demo-webapp/src/test/resources/features/Categories.feature:8)


    Embedding screenshot [image/png 391086 bytes]

]]></system-out>
  </testcase>
</testsuite>