<?xml version="1.0" encoding="UTF-8"?>
<!-- Generated by org.testng.reporters.JUnitXMLReporter -->
<testsuite ignored="0" hostname="DESKTOP-UG7LVM5" failures="6" tests="7" name="Cucumber with TestNG Test" time="113.316" errors="0" timestamp="2024-02-09T14:21:05 CET">
  <testcase classname="io.cucumber.testng.AbstractTestNGCucumberTests" name="runScenario" time="21.484">
    <failure type="java.lang.AssertionError" message="expected [true] but found [false]">
      <![CDATA[java.lang.AssertionError: expected [true] but found [false]
at org.example.step_definitions.CategoriesDropdown_Steps.only_should_appear_on_page_and_nothing_else(CategoriesDropdown_Steps.java:55)
at ✽.only 7 'Hammers' should appear on page and nothing else(file:///C:/Users/Panonit/Desktop/cucumber-demo-webapp/src/test/resources/features/Categories.feature:8)
... Removed 4 stack frames]]>
    </failure>
  </testcase> <!-- runScenario -->
  <testcase classname="io.cucumber.testng.AbstractTestNGCucumberTests" name="runScenario" time="14.594">
    <failure type="java.lang.AssertionError" message="expected [true] but found [false]">
      <![CDATA[java.lang.AssertionError: expected [true] but found [false]
at org.example.step_definitions.CategoriesDropdown_Steps.only_should_appear_on_page_and_nothing_else(CategoriesDropdown_Steps.java:55)
at ✽.only 1 'Hand Saws' should appear on page and nothing else(file:///C:/Users/Panonit/Desktop/cucumber-demo-webapp/src/test/resources/features/Categories.feature:8)
... Removed 4 stack frames]]>
    </failure>
  </testcase> <!-- runScenario -->
  <testcase classname="io.cucumber.testng.AbstractTestNGCucumberTests" name="runScenario" time="14.446">
    <failure type="java.lang.AssertionError" message="expected [true] but found [false]">
      <![CDATA[java.lang.AssertionError: expected [true] but found [false]
at org.example.step_definitions.CategoriesDropdown_Steps.only_should_appear_on_page_and_nothing_else(CategoriesDropdown_Steps.java:55)
at ✽.only 3 'Wrenches' should appear on page and nothing else(file:///C:/Users/Panonit/Desktop/cucumber-demo-webapp/src/test/resources/features/Categories.feature:8)
... Removed 4 stack frames]]>
    </failure>
  </testcase> <!-- runScenario -->
  <testcase classname="io.cucumber.testng.AbstractTestNGCucumberTests" name="runScenario" time="15.182">
    <failure type="java.lang.AssertionError" message="expected [true] but found [false]">
      <![CDATA[java.lang.AssertionError: expected [true] but found [false]
at org.example.step_definitions.CategoriesDropdown_Steps.only_should_appear_on_page_and_nothing_else(CategoriesDropdown_Steps.java:55)
at ✽.only 2 'Screwdrivers' should appear on page and nothing else(file:///C:/Users/Panonit/Desktop/cucumber-demo-webapp/src/test/resources/features/Categories.feature:8)
... Removed 4 stack frames]]>
    </failure>
  </testcase> <!-- runScenario -->
  <testcase classname="io.cucumber.testng.AbstractTestNGCucumberTests" name="runScenario" time="14.642">
    <failure type="java.lang.AssertionError" message="expected [true] but found [false]">
      <![CDATA[java.lang.AssertionError: expected [true] but found [false]
at org.example.step_definitions.CategoriesDropdown_Steps.only_should_appear_on_page_and_nothing_else(CategoriesDropdown_Steps.java:55)
at ✽.only 5 'Pilers' should appear on page and nothing else(file:///C:/Users/Panonit/Desktop/cucumber-demo-webapp/src/test/resources/features/Categories.feature:8)
... Removed 4 stack frames]]>
    </failure>
  </testcase> <!-- runScenario -->
  <testcase classname="io.cucumber.testng.AbstractTestNGCucumberTests" name="runScenario" time="14.126"/>
  <testcase classname="io.cucumber.testng.AbstractTestNGCucumberTests" name="runScenario" time="14.486">
    <failure type="java.lang.AssertionError" message="expected [true] but found [false]">
      <![CDATA[java.lang.AssertionError: expected [true] but found [false]
at org.example.step_definitions.CategoriesDropdown_Steps.only_should_appear_on_page_and_nothing_else(CategoriesDropdown_Steps.java:55)
at ✽.only 4 'Measures' should appear on page and nothing else(file:///C:/Users/Panonit/Desktop/cucumber-demo-webapp/src/test/resources/features/Categories.feature:8)
... Removed 4 stack frames]]>
    </failure>
  </testcase> <!-- runScenario -->
</testsuite> <!-- Cucumber with TestNG Test -->
