<?xml version="1.0" encoding="UTF-8"?>
<!-- Generated by org.testng.reporters.JUnitReportReporter -->
<testsuite hostname="DESKTOP-UG7LVM5" failures="6" tests="7" name="org.example.runner.CucumberRunnerTests1" time="108.960" errors="0" timestamp="2024-02-09T14:21:05 CET" skipped="0">
  <testcase classname="org.example.runner.CucumberRunnerTests1" name="runScenario" time="14.126"/>
  <testcase classname="org.example.runner.CucumberRunnerTests1" name="runScenario" time="15.182">
    <failure message="expected [true] but found [false]" type="java.lang.AssertionError">
      <![CDATA[java.lang.AssertionError: expected [true] but found [false]
at org.testng.Assert.fail(Assert.java:111)
at org.testng.Assert.failNotEquals(Assert.java:1578)
at org.testng.Assert.assertTrue(Assert.java:57)
at org.testng.Assert.assertTrue(Assert.java:67)
at org.example.step_definitions.CategoriesDropdown_Steps.only_should_appear_on_page_and_nothing_else(CategoriesDropdown_Steps.java:55)
at ✽.only 2 'Screwdrivers' should appear on page and nothing else(file:///C:/Users/Panonit/Desktop/cucumber-demo-webapp/src/test/resources/features/Categories.feature:8)
]]>
    </failure>
  </testcase> <!-- runScenario -->
  <testcase classname="org.example.runner.CucumberRunnerTests1" name="runScenario" time="14.642">
    <failure message="expected [true] but found [false]" type="java.lang.AssertionError">
      <![CDATA[java.lang.AssertionError: expected [true] but found [false]
at org.testng.Assert.fail(Assert.java:111)
at org.testng.Assert.failNotEquals(Assert.java:1578)
at org.testng.Assert.assertTrue(Assert.java:57)
at org.testng.Assert.assertTrue(Assert.java:67)
at org.example.step_definitions.CategoriesDropdown_Steps.only_should_appear_on_page_and_nothing_else(CategoriesDropdown_Steps.java:55)
at ✽.only 5 'Pilers' should appear on page and nothing else(file:///C:/Users/Panonit/Desktop/cucumber-demo-webapp/src/test/resources/features/Categories.feature:8)
]]>
    </failure>
  </testcase> <!-- runScenario -->
  <testcase classname="org.example.runner.CucumberRunnerTests1" name="runScenario" time="21.484">
    <failure message="expected [true] but found [false]" type="java.lang.AssertionError">
      <![CDATA[java.lang.AssertionError: expected [true] but found [false]
at org.testng.Assert.fail(Assert.java:111)
at org.testng.Assert.failNotEquals(Assert.java:1578)
at org.testng.Assert.assertTrue(Assert.java:57)
at org.testng.Assert.assertTrue(Assert.java:67)
at org.example.step_definitions.CategoriesDropdown_Steps.only_should_appear_on_page_and_nothing_else(CategoriesDropdown_Steps.java:55)
at ✽.only 7 'Hammers' should appear on page and nothing else(file:///C:/Users/Panonit/Desktop/cucumber-demo-webapp/src/test/resources/features/Categories.feature:8)
]]>
    </failure>
  </testcase> <!-- runScenario -->
  <testcase classname="org.example.runner.CucumberRunnerTests1" name="runScenario" time="14.594">
    <failure message="expected [true] but found [false]" type="java.lang.AssertionError">
      <![CDATA[java.lang.AssertionError: expected [true] but found [false]
at org.testng.Assert.fail(Assert.java:111)
at org.testng.Assert.failNotEquals(Assert.java:1578)
at org.testng.Assert.assertTrue(Assert.java:57)
at org.testng.Assert.assertTrue(Assert.java:67)
at org.example.step_definitions.CategoriesDropdown_Steps.only_should_appear_on_page_and_nothing_else(CategoriesDropdown_Steps.java:55)
at ✽.only 1 'Hand Saws' should appear on page and nothing else(file:///C:/Users/Panonit/Desktop/cucumber-demo-webapp/src/test/resources/features/Categories.feature:8)
]]>
    </failure>
  </testcase> <!-- runScenario -->
  <testcase classname="org.example.runner.CucumberRunnerTests1" name="runScenario" time="14.446">
    <failure message="expected [true] but found [false]" type="java.lang.AssertionError">
      <![CDATA[java.lang.AssertionError: expected [true] but found [false]
at org.testng.Assert.fail(Assert.java:111)
at org.testng.Assert.failNotEquals(Assert.java:1578)
at org.testng.Assert.assertTrue(Assert.java:57)
at org.testng.Assert.assertTrue(Assert.java:67)
at org.example.step_definitions.CategoriesDropdown_Steps.only_should_appear_on_page_and_nothing_else(CategoriesDropdown_Steps.java:55)
at ✽.only 3 'Wrenches' should appear on page and nothing else(file:///C:/Users/Panonit/Desktop/cucumber-demo-webapp/src/test/resources/features/Categories.feature:8)
]]>
    </failure>
  </testcase> <!-- runScenario -->
  <testcase classname="org.example.runner.CucumberRunnerTests1" name="runScenario" time="14.486">
    <failure message="expected [true] but found [false]" type="java.lang.AssertionError">
      <![CDATA[java.lang.AssertionError: expected [true] but found [false]
at org.testng.Assert.fail(Assert.java:111)
at org.testng.Assert.failNotEquals(Assert.java:1578)
at org.testng.Assert.assertTrue(Assert.java:57)
at org.testng.Assert.assertTrue(Assert.java:67)
at org.example.step_definitions.CategoriesDropdown_Steps.only_should_appear_on_page_and_nothing_else(CategoriesDropdown_Steps.java:55)
at ✽.only 4 'Measures' should appear on page and nothing else(file:///C:/Users/Panonit/Desktop/cucumber-demo-webapp/src/test/resources/features/Categories.feature:8)
]]>
    </failure>
  </testcase> <!-- runScenario -->
</testsuite> <!-- org.example.runner.CucumberRunnerTests1 -->
